TN:
SF:/home/aeddk/Documents/Ring-Buffer/test.c
FN:11,test_init_fail
FNDA:1,test_init_fail
FN:19,test_init
FNDA:1,test_init
FN:27,test_enqueue_fail
FNDA:1,test_enqueue_fail
FN:34,test_enqueue
FNDA:1,test_enqueue
FN:41,test_n_empty
FNDA:1,test_n_empty
FN:48,test_dequeue
FNDA:1,test_dequeue
FN:56,test_empty
FNDA:1,test_empty
FN:63,test_dequeue_fail
FNDA:1,test_dequeue_fail
FN:71,test_n_full
FNDA:1,test_n_full
FN:78,test_full
FNDA:1,test_full
FN:90,test_enqueue_fail_full
FNDA:1,test_enqueue_fail_full
FN:97,test_print_size
FNDA:1,test_print_size
FN:103,main
FNDA:1,main
DA:11,1
DA:13,1
DA:14,1
DA:16,1
DA:19,1
DA:21,1
DA:22,1
DA:24,1
DA:27,1
DA:29,1
DA:30,1
DA:31,1
DA:34,1
DA:36,1
DA:37,1
DA:38,1
DA:41,1
DA:43,1
DA:44,1
DA:45,1
DA:48,1
DA:51,1
DA:52,1
DA:53,1
DA:56,1
DA:58,1
DA:59,1
DA:60,1
DA:63,1
DA:66,1
DA:67,1
DA:68,1
DA:71,1
DA:73,1
DA:74,1
DA:75,1
DA:78,1
DA:80,1
DA:81,1
DA:82,1
DA:83,1
DA:84,1
DA:85,1
DA:86,1
DA:87,1
DA:90,1
DA:92,1
DA:93,1
DA:94,1
DA:97,1
DA:99,1
DA:100,1
DA:101,1
DA:103,1
DA:104,1
DA:118,1
end_of_record
TN:
SF:/home/aeddk/Documents/Ring-Buffer/src/ringbuffer.c
FN:5,RingBufferInit
FNDA:2,RingBufferInit
FN:19,RingBufferIsEmpty
FNDA:2,RingBufferIsEmpty
FN:30,RingBufferIsFull
FNDA:2,RingBufferIsFull
FN:41,RingBufferEnqueue
FNDA:8,RingBufferEnqueue
FN:56,RingBufferDequeue
FNDA:2,RingBufferDequeue
FN:69,RingBufferSize
FNDA:1,RingBufferSize
DA:5,2
DA:6,2
DA:7,1
DA:8,1
DA:9,1
DA:11,1
DA:12,1
DA:13,1
DA:14,1
DA:16,2
DA:19,2
DA:20,2
DA:22,1
DA:25,1
DA:30,2
DA:31,2
DA:33,1
DA:35,1
DA:36,1
DA:41,8
DA:42,8
DA:43,1
DA:44,7
DA:45,1
DA:46,1
DA:48,6
DA:49,6
DA:50,6
DA:51,6
DA:53,1
DA:56,2
DA:57,2
DA:58,1
DA:59,1
DA:61,1
DA:62,1
DA:63,1
DA:64,1
DA:69,1
DA:70,1
DA:71,1
DA:72,1
end_of_record
